<?xml version="1.0" encoding="UTF-8"?>
<testsuite xmlns:xsi="http://www.w3.org/2001/XMLSchema-instance" xsi:noNamespaceSchemaLocation="https://maven.apache.org/surefire/maven-surefire-plugin/xsd/surefire-test-report-3.0.xsd" version="3.0" name="com.agh.mallet.SanguageApplicationTests" time="9.643" tests="1" errors="0" skipped="0" failures="0">
  <properties>
[...]
</properties>
  <testcase name="contextLoads" classname="com.agh.mallet.SanguageApplicationTests" time="0.727">
    <system-out><![CDATA[12:34:34.379 [main] INFO org.springframework.test.context.support.AnnotationConfigContextLoaderUtils -- Could not detect default configuration classes for test class [com.agh.mallet.SanguageApplicationTests]: SanguageApplicationTests does not declare any static, non-private, non-final, nested classes annotated with @Configuration.
12:34:34.581 [main] INFO org.springframework.boot.test.context.SpringBootTestContextBootstrapper -- Found @SpringBootConfiguration com.agh.mallet.MalletApplication for test class com.agh.mallet.SanguageApplicationTests

  .   ____          _            __ _ _
 /\\ / ___'_ __ _ _(_)_ __  __ _ \ \ \ \
( ( )\___ | '_ | '_| | '_ \/ _` | \ \ \ \
 \\/  ___)| |_)| | | | | || (_| |  ) ) ) )
  '  |____| .__|_| |_|_| |_\__, | / / / /
 =========|_|==============|___/=/_/_/_/
 :: Spring Boot ::                (v3.1.3)

2023-11-26T12:34:35.252+01:00  INFO 7660 --- [           main] c.agh.mallet.SanguageApplicationTests    : Starting SanguageApplicationTests using Java 17.0.7 with PID 7660 (started by Michal in C:\Users\Michał\IdeaProjects\mallet\mallet-core)
2023-11-26T12:34:35.254+01:00  INFO 7660 --- [           main] c.agh.mallet.SanguageApplicationTests    : No active profile set, falling back to 1 default profile: "default"
2023-11-26T12:34:37.091+01:00  INFO 7660 --- [           main] .s.d.r.c.RepositoryConfigurationDelegate : Bootstrapping Spring Data JPA repositories in DEFAULT mode.
2023-11-26T12:34:37.217+01:00  INFO 7660 --- [           main] .s.d.r.c.RepositoryConfigurationDelegate : Finished Spring Data repository scanning in 113 ms. Found 6 JPA repository interfaces.
2023-11-26T12:34:37.851+01:00  INFO 7660 --- [           main] o.hibernate.jpa.internal.util.LogHelper  : HHH000204: Processing PersistenceUnitInfo [name: default]
2023-11-26T12:34:37.944+01:00  INFO 7660 --- [           main] org.hibernate.Version                    : HHH000412: Hibernate ORM core version 6.2.7.Final
2023-11-26T12:34:37.947+01:00  INFO 7660 --- [           main] org.hibernate.cfg.Environment            : HHH000406: Using bytecode reflection optimizer
2023-11-26T12:34:38.167+01:00  INFO 7660 --- [           main] o.h.b.i.BytecodeProviderInitiator        : HHH000021: Bytecode provider name : bytebuddy
2023-11-26T12:34:38.332+01:00  INFO 7660 --- [           main] o.s.o.j.p.SpringPersistenceUnitInfo      : No LoadTimeWeaver setup: ignoring JPA class transformer
2023-11-26T12:34:38.351+01:00  INFO 7660 --- [           main] com.zaxxer.hikari.HikariDataSource       : HikariPool-1 - Starting...
2023-11-26T12:34:39.312+01:00  INFO 7660 --- [           main] com.zaxxer.hikari.pool.HikariPool        : HikariPool-1 - Added connection org.postgresql.jdbc.PgConnection@674aa626
2023-11-26T12:34:39.315+01:00  INFO 7660 --- [           main] com.zaxxer.hikari.HikariDataSource       : HikariPool-1 - Start completed.
2023-11-26T12:34:39.926+01:00  INFO 7660 --- [           main] o.h.b.i.BytecodeProviderInitiator        : HHH000021: Bytecode provider name : bytebuddy
2023-11-26T12:34:40.835+01:00  INFO 7660 --- [           main] o.h.e.t.j.p.i.JtaPlatformInitiator       : HHH000490: Using JtaPlatform implementation: [org.hibernate.engine.transaction.jta.platform.internal.NoJtaPlatform]
2023-11-26T12:34:40.839+01:00  INFO 7660 --- [           main] j.LocalContainerEntityManagerFactoryBean : Initialized JPA EntityManagerFactory for persistence unit 'default'
2023-11-26T12:34:41.199+01:00  INFO 7660 --- [           main] o.s.d.j.r.query.QueryEnhancerFactory     : Hibernate is in classpath; If applicable, HQL parser will be used.
2023-11-26T12:34:42.074+01:00  WARN 7660 --- [           main] JpaBaseConfiguration$JpaWebConfiguration : spring.jpa.open-in-view is enabled by default. Therefore, database queries may be performed during view rendering. Explicitly configure spring.jpa.open-in-view to disable this warning
2023-11-26T12:34:42.248+01:00  INFO 7660 --- [           main] o.s.s.web.DefaultSecurityFilterChain     : Will secure any request with [org.springframework.security.web.session.DisableEncodeUrlFilter@1a35343e, org.springframework.security.web.context.request.async.WebAsyncManagerIntegrationFilter@7f994055, org.springframework.security.web.context.SecurityContextHolderFilter@68fd0fba, org.springframework.security.web.header.HeaderWriterFilter@6c07666f, org.springframework.security.web.authentication.logout.LogoutFilter@4437af21, org.springframework.security.web.authentication.www.BasicAuthenticationFilter@71b01319, org.springframework.security.web.savedrequest.RequestCacheAwareFilter@7310bc90, org.springframework.security.web.servletapi.SecurityContextHolderAwareRequestFilter@20307cb9, org.springframework.security.web.authentication.AnonymousAuthenticationFilter@31a1b37b, org.springframework.security.web.access.ExceptionTranslationFilter@267093ea, org.springframework.security.web.access.intercept.AuthorizationFilter@2cf93603]
2023-11-26T12:34:43.006+01:00  INFO 7660 --- [           main] c.agh.mallet.SanguageApplicationTests    : Started SanguageApplicationTests in 8.14 seconds (process running for 9.862)
]]></system-out>
  </testcase>
</testsuite>